
Execution Plan
----------------------------------------------------------
Plan hash value: 3724264953

-------------------------------------------------------------------
| Id  | Operation          | Name | Rows  | Cost (%CPU)| Time     |
-------------------------------------------------------------------
|   0 | SELECT STATEMENT   |      |     1 |  5102   (1)| 00:00:26 |
|   1 |  SORT AGGREGATE    |      |     1 |            |          |
|   2 |   TABLE ACCESS FULL| T1   | 10000 |  5102   (1)| 00:00:26 |
-------------------------------------------------------------------


Execution Plan
----------------------------------------------------------
Plan hash value: 3110199320

--------------------------------------------------------------------------------------------------------
| Id  | Operation              | Name     | Rows  | Cost (%CPU)| Time     |    TQ  |IN-OUT| PQ Distrib |
--------------------------------------------------------------------------------------------------------
|   0 | SELECT STATEMENT       |          |     1 |  2819   (1)| 00:00:15 |        |      |            |
|   1 |  SORT AGGREGATE        |          |     1 |            |          |        |      |            |
|   2 |   PX COORDINATOR       |          |       |            |          |        |      |            |
|   3 |    PX SEND QC (RANDOM) | :TQ10000 |     1 |            |          |  Q1,00 | P->S | QC (RAND)  |
|   4 |     SORT AGGREGATE     |          |     1 |            |          |  Q1,00 | PCWP |            |
|   5 |      PX BLOCK ITERATOR |          | 10000 |  2819   (1)| 00:00:15 |  Q1,00 | PCWC |            |
|   6 |       TABLE ACCESS FULL| T1       | 10000 |  2819   (1)| 00:00:15 |  Q1,00 | PCWP |            |
--------------------------------------------------------------------------------------------------------


Execution Plan
----------------------------------------------------------
Plan hash value: 3110199320

--------------------------------------------------------------------------------------------------------
| Id  | Operation              | Name     | Rows  | Cost (%CPU)| Time     |    TQ  |IN-OUT| PQ Distrib |
--------------------------------------------------------------------------------------------------------
|   0 | SELECT STATEMENT       |          |     1 |  1879   (0)| 00:00:10 |        |      |            |
|   1 |  SORT AGGREGATE        |          |     1 |            |          |        |      |            |
|   2 |   PX COORDINATOR       |          |       |            |          |        |      |            |
|   3 |    PX SEND QC (RANDOM) | :TQ10000 |     1 |            |          |  Q1,00 | P->S | QC (RAND)  |
|   4 |     SORT AGGREGATE     |          |     1 |            |          |  Q1,00 | PCWP |            |
|   5 |      PX BLOCK ITERATOR |          | 10000 |  1879   (0)| 00:00:10 |  Q1,00 | PCWC |            |
|   6 |       TABLE ACCESS FULL| T1       | 10000 |  1879   (0)| 00:00:10 |  Q1,00 | PCWP |            |
--------------------------------------------------------------------------------------------------------


Execution Plan
----------------------------------------------------------
Plan hash value: 3110199320

--------------------------------------------------------------------------------------------------------
| Id  | Operation              | Name     | Rows  | Cost (%CPU)| Time     |    TQ  |IN-OUT| PQ Distrib |
--------------------------------------------------------------------------------------------------------
|   0 | SELECT STATEMENT       |          |     1 |  1409   (0)| 00:00:08 |        |      |            |
|   1 |  SORT AGGREGATE        |          |     1 |            |          |        |      |            |
|   2 |   PX COORDINATOR       |          |       |            |          |        |      |            |
|   3 |    PX SEND QC (RANDOM) | :TQ10000 |     1 |            |          |  Q1,00 | P->S | QC (RAND)  |
|   4 |     SORT AGGREGATE     |          |     1 |            |          |  Q1,00 | PCWP |            |
|   5 |      PX BLOCK ITERATOR |          | 10000 |  1409   (0)| 00:00:08 |  Q1,00 | PCWC |            |
|   6 |       TABLE ACCESS FULL| T1       | 10000 |  1409   (0)| 00:00:08 |  Q1,00 | PCWP |            |
--------------------------------------------------------------------------------------------------------


Execution Plan
----------------------------------------------------------
Plan hash value: 3110199320

--------------------------------------------------------------------------------------------------------
| Id  | Operation              | Name     | Rows  | Cost (%CPU)| Time     |    TQ  |IN-OUT| PQ Distrib |
--------------------------------------------------------------------------------------------------------
|   0 | SELECT STATEMENT       |          |     1 |  1127   (0)| 00:00:06 |        |      |            |
|   1 |  SORT AGGREGATE        |          |     1 |            |          |        |      |            |
|   2 |   PX COORDINATOR       |          |       |            |          |        |      |            |
|   3 |    PX SEND QC (RANDOM) | :TQ10000 |     1 |            |          |  Q1,00 | P->S | QC (RAND)  |
|   4 |     SORT AGGREGATE     |          |     1 |            |          |  Q1,00 | PCWP |            |
|   5 |      PX BLOCK ITERATOR |          | 10000 |  1127   (0)| 00:00:06 |  Q1,00 | PCWC |            |
|   6 |       TABLE ACCESS FULL| T1       | 10000 |  1127   (0)| 00:00:06 |  Q1,00 | PCWP |            |
--------------------------------------------------------------------------------------------------------


Execution Plan
----------------------------------------------------------
Plan hash value: 3110199320

--------------------------------------------------------------------------------------------------------
| Id  | Operation              | Name     | Rows  | Cost (%CPU)| Time     |    TQ  |IN-OUT| PQ Distrib |
--------------------------------------------------------------------------------------------------------
|   0 | SELECT STATEMENT       |          |     1 |   940   (1)| 00:00:05 |        |      |            |
|   1 |  SORT AGGREGATE        |          |     1 |            |          |        |      |            |
|   2 |   PX COORDINATOR       |          |       |            |          |        |      |            |
|   3 |    PX SEND QC (RANDOM) | :TQ10000 |     1 |            |          |  Q1,00 | P->S | QC (RAND)  |
|   4 |     SORT AGGREGATE     |          |     1 |            |          |  Q1,00 | PCWP |            |
|   5 |      PX BLOCK ITERATOR |          | 10000 |   940   (1)| 00:00:05 |  Q1,00 | PCWC |            |
|   6 |       TABLE ACCESS FULL| T1       | 10000 |   940   (1)| 00:00:05 |  Q1,00 | PCWP |            |
--------------------------------------------------------------------------------------------------------


Execution Plan
----------------------------------------------------------
Plan hash value: 3110199320

--------------------------------------------------------------------------------------------------------
| Id  | Operation              | Name     | Rows  | Cost (%CPU)| Time     |    TQ  |IN-OUT| PQ Distrib |
--------------------------------------------------------------------------------------------------------
|   0 | SELECT STATEMENT       |          |     1 |   805   (0)| 00:00:05 |        |      |            |
|   1 |  SORT AGGREGATE        |          |     1 |            |          |        |      |            |
|   2 |   PX COORDINATOR       |          |       |            |          |        |      |            |
|   3 |    PX SEND QC (RANDOM) | :TQ10000 |     1 |            |          |  Q1,00 | P->S | QC (RAND)  |
|   4 |     SORT AGGREGATE     |          |     1 |            |          |  Q1,00 | PCWP |            |
|   5 |      PX BLOCK ITERATOR |          | 10000 |   805   (0)| 00:00:05 |  Q1,00 | PCWC |            |
|   6 |       TABLE ACCESS FULL| T1       | 10000 |   805   (0)| 00:00:05 |  Q1,00 | PCWP |            |
--------------------------------------------------------------------------------------------------------


Execution Plan
----------------------------------------------------------
Plan hash value: 3110199320

--------------------------------------------------------------------------------------------------------
| Id  | Operation              | Name     | Rows  | Cost (%CPU)| Time     |    TQ  |IN-OUT| PQ Distrib |
--------------------------------------------------------------------------------------------------------
|   0 | SELECT STATEMENT       |          |     1 |   705   (0)| 00:00:04 |        |      |            |
|   1 |  SORT AGGREGATE        |          |     1 |            |          |        |      |            |
|   2 |   PX COORDINATOR       |          |       |            |          |        |      |            |
|   3 |    PX SEND QC (RANDOM) | :TQ10000 |     1 |            |          |  Q1,00 | P->S | QC (RAND)  |
|   4 |     SORT AGGREGATE     |          |     1 |            |          |  Q1,00 | PCWP |            |
|   5 |      PX BLOCK ITERATOR |          | 10000 |   705   (0)| 00:00:04 |  Q1,00 | PCWC |            |
|   6 |       TABLE ACCESS FULL| T1       | 10000 |   705   (0)| 00:00:04 |  Q1,00 | PCWP |            |
--------------------------------------------------------------------------------------------------------

